<?xml version="1.0" encoding="UTF-8"?>
<!-- Generated by org.testng.reporters.JUnitReportReporter -->
<testsuite skipped="0" hostname="IGS-369" name="Git1_Integrate.newtour" tests="1" failures="0" timestamp="23 Jan 2019 10:02:31 GMT" time="62.510" errors="0">
  <testcase name="regtour" time="62.510" classname="Git1_Integrate.newtour"/>
</testsuite> <!-- Git1_Integrate.newtour -->
