<?xml version="1.0" encoding="UTF-8"?>
<!-- Generated by org.testng.reporters.JUnitReportReporter -->
<testsuite hostname="IGS-369" name="learningmaven.settings.NewtourTest" tests="1" failures="0" timestamp="22 Jan 2019 12:06:43 GMT" time="117.799" errors="0">
  <testcase name="regtour" time="117.799" classname="learningmaven.settings.NewtourTest"/>
</testsuite> <!-- learningmaven.settings.NewtourTest -->
